C51 COMPILER V9.60.7.0   SOURCE_CODE                                                       03/26/2024 13:11:53 PAGE 1   


C51 COMPILER V9.60.7.0, COMPILATION OF MODULE SOURCE_CODE
OBJECT MODULE PLACED IN .\Objects\source_code.obj
COMPILER INVOKED BY: C:\Keil_v5\C51\BIN\C51.EXE source_code.c OPTIMIZE(8,SPEED) BROWSE DEBUG OBJECTEXTEND PRINT(.\Listin
                    -gs\source_code.lst) TABS(2) OBJECT(.\Objects\source_code.obj)

line level    source

   1          #include<reg51.h>
   2          void main()
   3          {
   4   1      TMOD=0x20;
   5   1      TH1=0xFD;
   6   1      SCON=0x50;
   7   1      TR1=1;
   8   1      while(1)
   9   1      {
  10   2      SBUF='A';
  11   2      while(TI==0);
  12   2      TI=0;
  13   2      }
  14   1      }


MODULE INFORMATION:   STATIC OVERLAYABLE
   CODE SIZE        =     21    ----
   CONSTANT SIZE    =   ----    ----
   XDATA SIZE       =   ----    ----
   PDATA SIZE       =   ----    ----
   DATA SIZE        =   ----    ----
   IDATA SIZE       =   ----    ----
   BIT SIZE         =   ----    ----
END OF MODULE INFORMATION.


C51 COMPILATION COMPLETE.  0 WARNING(S),  0 ERROR(S)
