C51 COMPILER V9.60.7.0   SOURCECODE                                                        03/26/2024 13:14:44 PAGE 1   


C51 COMPILER V9.60.7.0, COMPILATION OF MODULE SOURCECODE
OBJECT MODULE PLACED IN .\Objects\sourcecode.obj
COMPILER INVOKED BY: C:\Keil_v5\C51\BIN\C51.EXE sourcecode.c OPTIMIZE(8,SPEED) BROWSE DEBUG OBJECTEXTEND PRINT(.\Listing
                    -s\sourcecode.lst) TABS(2) OBJECT(.\Objects\sourcecode.obj)

line level    source

   1          #include<reg51.h>
   2          char tx='A';
   3          char *txp=&tx;
   4          void transmit(char *tx)
   5          {
   6   1      SBUF=*tx;
   7   1      while(TI==0);
   8   1      TI=0;
   9   1      }
  10          void main()
  11          {
  12   1      TMOD=0x20;
  13   1      TH1=0xFD;
  14   1      SCON=0x50;
  15   1      TR1=1;
  16   1      while(1)
  17   1      {
  18   2      transmit(txp);
  19   2      }}


MODULE INFORMATION:   STATIC OVERLAYABLE
   CODE SIZE        =     33    ----
   CONSTANT SIZE    =   ----    ----
   XDATA SIZE       =   ----    ----
   PDATA SIZE       =   ----    ----
   DATA SIZE        =      4    ----
   IDATA SIZE       =   ----    ----
   BIT SIZE         =   ----    ----
END OF MODULE INFORMATION.


C51 COMPILATION COMPLETE.  0 WARNING(S),  0 ERROR(S)
